14:34:51: Creating resource group General
14:34:51: Creating resource group Internal
14:34:51: Creating resource group Autodetect
14:34:51: SceneManagerFactory for type 'DefaultSceneManager' registered.
14:34:51: Registering ResourceManager for type Material
14:34:51: Registering ResourceManager for type Mesh
14:34:51: Registering ResourceManager for type Skeleton
14:34:51: MovableObjectFactory for type 'ParticleSystem' registered.
14:34:51: OverlayElementFactory for type Panel registered.
14:34:51: OverlayElementFactory for type BorderPanel registered.
14:34:51: OverlayElementFactory for type TextArea registered.
14:34:51: Registering ResourceManager for type Font
14:34:51: ArchiveFactory for archive type FileSystem registered.
14:34:51: ArchiveFactory for archive type Zip registered.
14:34:51: ArchiveFactory for archive type EmbeddedZip registered.
14:34:51: DDS codec registering
14:34:51: FreeImage version: 3.15.3
14:34:51: This program uses FreeImage, a free, open source image library supporting all common bitmap formats. See http://freeimage.sourceforge.net for details
14:34:51: Supported formats: bmp,ico,jpg,jif,jpeg,jpe,koa,iff,lbm,pbm,pbm,pcd,pcx,pgm,pgm,png,ppm,ppm,ras,tga,targa,wap,wbmp,wbm,psd,cut,xbm,xpm,dds,gif,hdr,pfm,pct,pict,pic
14:34:51: Registering ResourceManager for type HighLevelGpuProgram
14:34:51: Registering ResourceManager for type Compositor
14:34:51: MovableObjectFactory for type 'Entity' registered.
14:34:51: MovableObjectFactory for type 'Light' registered.
14:34:51: MovableObjectFactory for type 'BillboardSet' registered.
14:34:51: MovableObjectFactory for type 'ManualObject' registered.
14:34:51: MovableObjectFactory for type 'BillboardChain' registered.
14:34:51: MovableObjectFactory for type 'RibbonTrail' registered.
14:34:51: OGRE EXCEPTION(6:FileNotFoundException): 'plugins.cfg' file not found! in ConfigFile::load at /var/tmp/portage/dev-games/ogre-1.8.1/work/ogre_src_v1-8-1/OgreMain/src/OgreConfigFile.cpp (line 88)
14:34:51: plugins.cfg not found, automatic plugin loading disabled.
14:34:51: *-*-* OGRE Initialising
14:34:51: *-*-* Version 1.8.1 (Byatis)
14:34:51: OGRE EXCEPTION(6:FileNotFoundException): 'ogre.cfg' file not found! in ConfigFile::load at /var/tmp/portage/dev-games/ogre-1.8.1/work/ogre_src_v1-8-1/OgreMain/src/OgreConfigFile.cpp (line 88)
14:34:51: OGRE EXCEPTION(6:FileNotFoundException): 'ogre.cfg' file not found! in ConfigFile::load at /var/tmp/portage/dev-games/ogre-1.8.1/work/ogre_src_v1-8-1/OgreMain/src/OgreConfigFile.cpp (line 88)
